#
# A fatal error has been detected by the Java Runtime Environment:
#
#  SIGSEGV (0xb) at pc=0x00007fc05f065efb, pid=6491, tid=140463626843904
#
# JRE version: OpenJDK Runtime Environment (7.0_65-b32) (build 1.7.0_65-b32)
# Java VM: OpenJDK 64-Bit Server VM (24.65-b04 mixed mode linux-amd64 compressed oops)
# Derivative: IcedTea 2.5.3
# Distribution: Ubuntu 14.04 LTS, package 7u71-2.5.3-0ubuntu0.14.04.1
# Problematic frame:
# C  [libawt.so+0x6aefb]  AnyIntIsomorphicScaleCopy+0x7b
#
# Failed to write core dump. Core dumps have been disabled. To enable core dumping, try "ulimit -c unlimited" before starting Java again
#
# If you would like to submit a bug report, please include
# instructions on how to reproduce the bug and visit:
#   http://icedtea.classpath.org/bugzilla
# The crash happened outside the Java Virtual Machine in native code.
# See problematic frame for where to report the bug.
#

---------------  T H R E A D  ---------------

Current thread (0x00007fc0643c8000):  JavaThread "AWT-EventQueue-0" [_thread_in_native, id=6512, stack(0x00007fc03c84f000,0x00007fc03c950000)]

siginfo:si_signo=SIGSEGV: si_errno=0, si_code=2 (SEGV_ACCERR), si_addr=0x00007fc03c84f000

Registers:
RAX=0x00007fc03c84f004, RBX=0x0000000000000b1d, RCX=0x0000000000000014, RDX=0x0000000000000001
RSP=0x00007fc03c94b618, RBP=0x00007fc03c94b640, RSI=0x00007fc03c84f000, RDI=0x00000000ddb50010
R8 =0x00000000078003bd, R9 =0x0000000000000000, R10=0x0000000000000001, R11=0x00000000078003bd
R12=0x00000000ddb50010, R13=0x0000000000000000, R14=0x0000000000000001, R15=0x0000000000000000
RIP=0x00007fc05f065efb, EFLAGS=0x0000000000010206, CSGSFS=0x0000000000000033, ERR=0x0000000000000006
  TRAPNO=0x000000000000000e

Top of Stack: (sp=0x00007fc03c94b618)
0x00007fc03c94b618:   00000000080003fd 00000000080003fd
0x00007fc03c94b628:   00000000080003fc 00007fc05f2a3e98
0x00007fc03c94b638:   00000000080003fc 00007fc03c94b900
0x00007fc03c94b648:   00007fc05f02ecf0 00007fc000000000
0x00007fc03c94b658:   00007fc000000000 00007fc000000014
0x00007fc03c94b668:   00007fc03c94b790 00007fc03c94b830
0x00007fc03c94b678:   00007fc05f2a3e98 00007fc03c94b740
0x00007fc03c94b688:   00000000d1f5c710 00007fc0643c81d8
0x00007fc03c94b698:   00007fc03c94b750 000000003c94b6d0
0x00007fc03c94b6a8:   00000000ffffffff 3fe2c00000258000
0x00007fc03c94b6b8:   00007fc05000c6c0 0000001400000001
0x00007fc03c94b6c8:   00007fc03c94b740 00000000ddb50010
0x00007fc03c94b6d8:   00007fc03c94b830 00007fc05000c8b0
0x00007fc03c94b6e8:   41dfffff00000001 41dfffff00000000
0x00007fc03c94b6f8:   4130000000000000 00007fc03c94b790
0x00007fc03c94b708:   3fee0000003c0000 00007fc03c94b760
0x00007fc03c94b718:   41dfffff00000000 41dfffff00000001
0x00007fc03c94b728:   0000000000000000 00007fc000000000
0x00007fc03c94b738:   0000000000000000 00007fc03c94b770
0x00007fc03c94b748:   00007fc0643c8000 0000000000000000
0x00007fc03c94b758:   7fffffe17ffffff5 0000000000000000
0x00007fc03c94b768:   7fffffe17ffffff5 00007fc000000000
0x00007fc03c94b778:   0000000000000000 0000000000000001
0x00007fc03c94b788:   0000000000000000 0000000000000000
0x00007fc03c94b798:   000004b000000780 00000000ddb50010
0x00007fc03c94b7a8:   0000000400000000 0000000000001e00
0x00007fc03c94b7b8:   0000000000000000 0000000000000000
0x00007fc03c94b7c8:   0000000000000000 0000000000000000
0x00007fc03c94b7d8:   0000000000000000 00007fc069967a90
0x00007fc03c94b7e8:   00007fc000000001 00000000ddb50010
0x00007fc03c94b7f8:   0000000000000000 0000000000000000
0x00007fc03c94b808:   0000000100000011 00007fc00000000d 

Instructions: (pc=0x00007fc05f065efb)
0x00007fc05f065edb:   d4 4d 63 e4 49 01 fc 66 0f 1f 44 00 00 44 89 db
0x00007fc05f065eeb:   48 83 c0 04 45 01 eb d3 fb 48 63 db 41 8b 1c 9c
0x00007fc05f065efb:   89 58 fc 41 83 ea 01 75 e4 4a 8d 74 3e 04 44 03
0x00007fc05f065f0b:   4d 18 48 03 75 c8 41 83 ee 01 75 b1 5b 41 5c 41 

Register to memory mapping:

RAX=0x00007fc03c84f004 is pointing into the stack for thread: 0x00007fc0643c8000
RBX=0x0000000000000b1d is an unknown value
RCX=0x0000000000000014 is an unknown value
RDX=0x0000000000000001 is an unknown value
RSP=0x00007fc03c94b618 is pointing into the stack for thread: 0x00007fc0643c8000
RBP=0x00007fc03c94b640 is pointing into the stack for thread: 0x00007fc0643c8000
RSI=0x00007fc03c84f000 is an unknown value
RDI=0x00000000ddb50010 is pointing into object: 0x00000000ddb50000
[I 
 - klass: {type array int}
 - length: 2304000
R8 =0x00000000078003bd is an unknown value
R9 =0x0000000000000000 is an unknown value
R10=0x0000000000000001 is an unknown value
R11=0x00000000078003bd is an unknown value
R12=0x00000000ddb50010 is pointing into object: 0x00000000ddb50000
[I 
 - klass: {type array int}
 - length: 2304000
R13=0x0000000000000000 is an unknown value
R14=0x0000000000000001 is an unknown value
R15=0x0000000000000000 is an unknown value


Stack: [0x00007fc03c84f000,0x00007fc03c950000],  sp=0x00007fc03c94b618,  free space=1009k
Native frames: (J=compiled Java code, j=interpreted, Vv=VM code, C=native code)
C  [libawt.so+0x6aefb]  AnyIntIsomorphicScaleCopy+0x7b
C  [libawt.so+0x33cf0]  Java_sun_java2d_loops_ScaledBlit_Scale+0xb20
j  sun.java2d.loops.ScaledBlit.Scale(Lsun/java2d/SurfaceData;Lsun/java2d/SurfaceData;Ljava/awt/Composite;Lsun/java2d/pipe/Region;IIIIDDDD)V+0
j  sun.java2d.pipe.DrawImage.scaleSurfaceData(Lsun/java2d/SunGraphics2D;Lsun/java2d/pipe/Region;Lsun/java2d/SurfaceData;Lsun/java2d/SurfaceData;Lsun/java2d/loops/SurfaceType;Lsun/java2d/loops/SurfaceType;IIIIDDDD)Z+72
j  sun.java2d.pipe.DrawImage.renderImageScale(Lsun/java2d/SunGraphics2D;Ljava/awt/Image;Ljava/awt/Color;IIIIIDDDD)Z+97
j  sun.java2d.pipe.DrawImage.scaleImage(Lsun/java2d/SunGraphics2D;Ljava/awt/Image;IIIILjava/awt/Color;)Z+89
j  sun.java2d.pipe.DrawImage.scaleImage(Lsun/java2d/SunGraphics2D;Ljava/awt/Image;IIIILjava/awt/Color;Ljava/awt/image/ImageObserver;)Z+19
j  sun.java2d.SunGraphics2D.drawImage(Ljava/awt/Image;IIIILjava/awt/Color;Ljava/awt/image/ImageObserver;)Z+113
j  sun.awt.image.ImageRepresentation.drawToBufImage(Ljava/awt/Graphics;Lsun/awt/image/ToolkitImage;IIIILjava/awt/Color;Ljava/awt/image/ImageObserver;)Z+156
j  sun.java2d.pipe.DrawImage.scaleImage(Lsun/java2d/SunGraphics2D;Ljava/awt/Image;IIIILjava/awt/Color;Ljava/awt/image/ImageObserver;)Z+64
j  sun.java2d.pipe.ValidatePipe.scaleImage(Lsun/java2d/SunGraphics2D;Ljava/awt/Image;IIIILjava/awt/Color;Ljava/awt/image/ImageObserver;)Z+25
j  sun.java2d.SunGraphics2D.drawImage(Ljava/awt/Image;IIIILjava/awt/Color;Ljava/awt/image/ImageObserver;)Z+113
j  sun.java2d.SunGraphics2D.drawImage(Ljava/awt/Image;IIIILjava/awt/image/ImageObserver;)Z+11
j  OPERATIONS.LogGui$BgPanel.paintComponent(Ljava/awt/Graphics;)V+28
j  javax.swing.JComponent.paint(Ljava/awt/Graphics;)V+286
j  javax.swing.JComponent.paintChildren(Ljava/awt/Graphics;)V+501
j  javax.swing.JComponent.paint(Ljava/awt/Graphics;)V+318
j  javax.swing.JComponent.paintChildren(Ljava/awt/Graphics;)V+501
j  javax.swing.JComponent.paint(Ljava/awt/Graphics;)V+318
j  javax.swing.JLayeredPane.paint(Ljava/awt/Graphics;)V+73
j  javax.swing.JComponent.paintChildren(Ljava/awt/Graphics;)V+501
j  javax.swing.JComponent.paintToOffscreen(Ljava/awt/Graphics;IIIIII)V+72
j  javax.swing.BufferStrategyPaintManager.paint(Ljavax/swing/JComponent;Ljavax/swing/JComponent;Ljava/awt/Graphics;IIII)Z+157
j  javax.swing.RepaintManager.paint(Ljavax/swing/JComponent;Ljavax/swing/JComponent;Ljava/awt/Graphics;IIII)V+52
j  javax.swing.JComponent.paint(Ljava/awt/Graphics;)V+221
j  java.awt.GraphicsCallback$PaintCallback.run(Ljava/awt/Component;Ljava/awt/Graphics;)V+2
j  sun.awt.SunGraphicsCallback.runOneComponent(Ljava/awt/Component;Ljava/awt/Rectangle;Ljava/awt/Graphics;Ljava/awt/Shape;I)V+155
j  sun.awt.SunGraphicsCallback.runComponents([Ljava/awt/Component;Ljava/awt/Graphics;I)V+194
j  java.awt.Container.paint(Ljava/awt/Graphics;)V+58
j  java.awt.Window.paint(Ljava/awt/Graphics;)V+68
j  javax.swing.RepaintManager$3.run()Ljava/lang/Void;+136
j  javax.swing.RepaintManager$3.run()Ljava/lang/Object;+1
v  ~StubRoutines::call_stub
V  [libjvm.so+0x5e8049]  JavaCalls::call_helper(JavaValue*, methodHandle*, JavaCallArguments*, Thread*)+0x339
V  [libjvm.so+0x5e7ae8]  JavaCalls::call(JavaValue*, methodHandle, JavaCallArguments*, Thread*)+0x28
V  [libjvm.so+0x626e93]  JVM_DoPrivileged+0x243
j  java.security.AccessController.doPrivileged(Ljava/security/PrivilegedAction;Ljava/security/AccessControlContext;)Ljava/lang/Object;+0
j  java.security.ProtectionDomain$1.doIntersectionPrivilege(Ljava/security/PrivilegedAction;Ljava/security/AccessControlContext;Ljava/security/AccessControlContext;)Ljava/lang/Object;+28
j  javax.swing.RepaintManager.paintDirtyRegions(Ljava/util/Map;)V+154
j  javax.swing.RepaintManager.paintDirtyRegions()V+46
j  javax.swing.RepaintManager.prePaintDirtyRegions()V+73
j  javax.swing.RepaintManager.access$1100(Ljavax/swing/RepaintManager;)V+1
j  javax.swing.RepaintManager$ProcessingRunnable.run()V+37
j  java.awt.event.InvocationEvent.dispatch()V+47
j  java.awt.EventQueue.dispatchEventImpl(Ljava/awt/AWTEvent;Ljava/lang/Object;)V+21
j  java.awt.EventQueue.access$200(Ljava/awt/EventQueue;Ljava/awt/AWTEvent;Ljava/lang/Object;)V+3
j  java.awt.EventQueue$3.run()Ljava/lang/Void;+12
j  java.awt.EventQueue$3.run()Ljava/lang/Object;+1
v  ~StubRoutines::call_stub
V  [libjvm.so+0x5e8049]  JavaCalls::call_helper(JavaValue*, methodHandle*, JavaCallArguments*, Thread*)+0x339
V  [libjvm.so+0x5e7ae8]  JavaCalls::call(JavaValue*, methodHandle, JavaCallArguments*, Thread*)+0x28
V  [libjvm.so+0x626e93]  JVM_DoPrivileged+0x243
j  java.security.AccessController.doPrivileged(Ljava/security/PrivilegedAction;Ljava/security/AccessControlContext;)Ljava/lang/Object;+0
j  java.security.ProtectionDomain$1.doIntersectionPrivilege(Ljava/security/PrivilegedAction;Ljava/security/AccessControlContext;Ljava/security/AccessControlContext;)Ljava/lang/Object;+28
j  java.awt.EventQueue.dispatchEvent(Ljava/awt/AWTEvent;)V+46
j  java.awt.EventDispatchThread.pumpOneEventForFilters(I)V+245
j  java.awt.EventDispatchThread.pumpEventsForFilter(ILjava/awt/Conditional;Ljava/awt/EventFilter;)V+35
j  java.awt.EventDispatchThread.pumpEventsForHierarchy(ILjava/awt/Conditional;Ljava/awt/Component;)V+11
j  java.awt.EventDispatchThread.pumpEvents(ILjava/awt/Conditional;)V+4
j  java.awt.EventDispatchThread.pumpEvents(Ljava/awt/Conditional;)V+3
j  java.awt.EventDispatchThread.run()V+9
v  ~StubRoutines::call_stub
V  [libjvm.so+0x5e8049]  JavaCalls::call_helper(JavaValue*, methodHandle*, JavaCallArguments*, Thread*)+0x339
V  [libjvm.so+0x5e6e9e]  JavaCalls::call_virtual(JavaValue*, Handle, KlassHandle, Symbol*, Symbol*, Thread*)+0x20e
V  [libjvm.so+0x623311]  thread_entry(JavaThread*, Thread*)+0xd1
V  [libjvm.so+0x8ffba0]  JavaThread::thread_main_inner()+0xf0
V  [libjvm.so+0x8ffe11]  JavaThread::run()+0x221
V  [libjvm.so+0x7c4ac2]  java_start(Thread*)+0xf2

Java frames: (J=compiled Java code, j=interpreted, Vv=VM code)
j  sun.java2d.loops.ScaledBlit.Scale(Lsun/java2d/SurfaceData;Lsun/java2d/SurfaceData;Ljava/awt/Composite;Lsun/java2d/pipe/Region;IIIIDDDD)V+0
j  sun.java2d.pipe.DrawImage.scaleSurfaceData(Lsun/java2d/SunGraphics2D;Lsun/java2d/pipe/Region;Lsun/java2d/SurfaceData;Lsun/java2d/SurfaceData;Lsun/java2d/loops/SurfaceType;Lsun/java2d/loops/SurfaceType;IIIIDDDD)Z+72
j  sun.java2d.pipe.DrawImage.renderImageScale(Lsun/java2d/SunGraphics2D;Ljava/awt/Image;Ljava/awt/Color;IIIIIDDDD)Z+97
j  sun.java2d.pipe.DrawImage.scaleImage(Lsun/java2d/SunGraphics2D;Ljava/awt/Image;IIIILjava/awt/Color;)Z+89
j  sun.java2d.pipe.DrawImage.scaleImage(Lsun/java2d/SunGraphics2D;Ljava/awt/Image;IIIILjava/awt/Color;Ljava/awt/image/ImageObserver;)Z+19
j  sun.java2d.SunGraphics2D.drawImage(Ljava/awt/Image;IIIILjava/awt/Color;Ljava/awt/image/ImageObserver;)Z+113
j  sun.awt.image.ImageRepresentation.drawToBufImage(Ljava/awt/Graphics;Lsun/awt/image/ToolkitImage;IIIILjava/awt/Color;Ljava/awt/image/ImageObserver;)Z+156
j  sun.java2d.pipe.DrawImage.scaleImage(Lsun/java2d/SunGraphics2D;Ljava/awt/Image;IIIILjava/awt/Color;Ljava/awt/image/ImageObserver;)Z+64
j  sun.java2d.pipe.ValidatePipe.scaleImage(Lsun/java2d/SunGraphics2D;Ljava/awt/Image;IIIILjava/awt/Color;Ljava/awt/image/ImageObserver;)Z+25
j  sun.java2d.SunGraphics2D.drawImage(Ljava/awt/Image;IIIILjava/awt/Color;Ljava/awt/image/ImageObserver;)Z+113
j  sun.java2d.SunGraphics2D.drawImage(Ljava/awt/Image;IIIILjava/awt/image/ImageObserver;)Z+11
j  OPERATIONS.LogGui$BgPanel.paintComponent(Ljava/awt/Graphics;)V+28
j  javax.swing.JComponent.paint(Ljava/awt/Graphics;)V+286
j  javax.swing.JComponent.paintChildren(Ljava/awt/Graphics;)V+501
j  javax.swing.JComponent.paint(Ljava/awt/Graphics;)V+318
j  javax.swing.JComponent.paintChildren(Ljava/awt/Graphics;)V+501
j  javax.swing.JComponent.paint(Ljava/awt/Graphics;)V+318
j  javax.swing.JLayeredPane.paint(Ljava/awt/Graphics;)V+73
j  javax.swing.JComponent.paintChildren(Ljava/awt/Graphics;)V+501
j  javax.swing.JComponent.paintToOffscreen(Ljava/awt/Graphics;IIIIII)V+72
j  javax.swing.BufferStrategyPaintManager.paint(Ljavax/swing/JComponent;Ljavax/swing/JComponent;Ljava/awt/Graphics;IIII)Z+157
j  javax.swing.RepaintManager.paint(Ljavax/swing/JComponent;Ljavax/swing/JComponent;Ljava/awt/Graphics;IIII)V+52
j  javax.swing.JComponent.paint(Ljava/awt/Graphics;)V+221
j  java.awt.GraphicsCallback$PaintCallback.run(Ljava/awt/Component;Ljava/awt/Graphics;)V+2
j  sun.awt.SunGraphicsCallback.runOneComponent(Ljava/awt/Component;Ljava/awt/Rectangle;Ljava/awt/Graphics;Ljava/awt/Shape;I)V+155
j  sun.awt.SunGraphicsCallback.runComponents([Ljava/awt/Component;Ljava/awt/Graphics;I)V+194
j  java.awt.Container.paint(Ljava/awt/Graphics;)V+58
j  java.awt.Window.paint(Ljava/awt/Graphics;)V+68
j  javax.swing.RepaintManager$3.run()Ljava/lang/Void;+136
j  javax.swing.RepaintManager$3.run()Ljava/lang/Object;+1
v  ~StubRoutines::call_stub
j  java.security.AccessController.doPrivileged(Ljava/security/PrivilegedAction;Ljava/security/AccessControlContext;)Ljava/lang/Object;+0
j  java.security.ProtectionDomain$1.doIntersectionPrivilege(Ljava/security/PrivilegedAction;Ljava/security/AccessControlContext;Ljava/security/AccessControlContext;)Ljava/lang/Object;+28
j  javax.swing.RepaintManager.paintDirtyRegions(Ljava/util/Map;)V+154
j  javax.swing.RepaintManager.paintDirtyRegions()V+46
j  javax.swing.RepaintManager.prePaintDirtyRegions()V+73
j  javax.swing.RepaintManager.access$1100(Ljavax/swing/RepaintManager;)V+1
j  javax.swing.RepaintManager$ProcessingRunnable.run()V+37
j  java.awt.event.InvocationEvent.dispatch()V+47
j  java.awt.EventQueue.dispatchEventImpl(Ljava/awt/AWTEvent;Ljava/lang/Object;)V+21
j  java.awt.EventQueue.access$200(Ljava/awt/EventQueue;Ljava/awt/AWTEvent;Ljava/lang/Object;)V+3
j  java.awt.EventQueue$3.run()Ljava/lang/Void;+12
j  java.awt.EventQueue$3.run()Ljava/lang/Object;+1
v  ~StubRoutines::call_stub
j  java.security.AccessController.doPrivileged(Ljava/security/PrivilegedAction;Ljava/security/AccessControlContext;)Ljava/lang/Object;+0
j  java.security.ProtectionDomain$1.doIntersectionPrivilege(Ljava/security/PrivilegedAction;Ljava/security/AccessControlContext;Ljava/security/AccessControlContext;)Ljava/lang/Object;+28
j  java.awt.EventQueue.dispatchEvent(Ljava/awt/AWTEvent;)V+46
j  java.awt.EventDispatchThread.pumpOneEventForFilters(I)V+245
j  java.awt.EventDispatchThread.pumpEventsForFilter(ILjava/awt/Conditional;Ljava/awt/EventFilter;)V+35
j  java.awt.EventDispatchThread.pumpEventsForHierarchy(ILjava/awt/Conditional;Ljava/awt/Component;)V+11
j  java.awt.EventDispatchThread.pumpEvents(ILjava/awt/Conditional;)V+4
j  java.awt.EventDispatchThread.pumpEvents(Ljava/awt/Conditional;)V+3
j  java.awt.EventDispatchThread.run()V+9
v  ~StubRoutines::call_stub

---------------  P R O C E S S  ---------------

Java Threads: ( => current thread )
  0x00007fc06400a000 JavaThread "DestroyJavaVM" [_thread_blocked, id=6497, stack(0x00007fc06a6d1000,0x00007fc06a7d2000)]
=>0x00007fc0643c8000 JavaThread "AWT-EventQueue-0" [_thread_in_native, id=6512, stack(0x00007fc03c84f000,0x00007fc03c950000)]
  0x00007fc0642e8000 JavaThread "AWT-Shutdown" [_thread_blocked, id=6511, stack(0x00007fc03cba4000,0x00007fc03cca5000)]
  0x00007fc06429d000 JavaThread "Abandoned connection cleanup thread" daemon [_thread_blocked, id=6509, stack(0x00007fc03d0cf000,0x00007fc03d1d0000)]
  0x00007fc0641e0000 JavaThread "AWT-XAWT" daemon [_thread_blocked, id=6507, stack(0x00007fc03d731000,0x00007fc03d832000)]
  0x00007fc0641bb000 JavaThread "Java2D Disposer" daemon [_thread_blocked, id=6506, stack(0x00007fc03dc42000,0x00007fc03dd43000)]
  0x00007fc0640a5800 JavaThread "Service Thread" daemon [_thread_blocked, id=6504, stack(0x00007fc05f3cd000,0x00007fc05f4ce000)]
  0x00007fc0640a3000 JavaThread "C2 CompilerThread1" daemon [_thread_blocked, id=6503, stack(0x00007fc05f4ce000,0x00007fc05f5cf000)]
  0x00007fc0640a1000 JavaThread "C2 CompilerThread0" daemon [_thread_blocked, id=6502, stack(0x00007fc05f5cf000,0x00007fc05f6d0000)]
  0x00007fc06409e800 JavaThread "Signal Dispatcher" daemon [_thread_blocked, id=6501, stack(0x00007fc05f6d0000,0x00007fc05f7d1000)]
  0x00007fc064072000 JavaThread "Finalizer" daemon [_thread_blocked, id=6500, stack(0x00007fc05fa9a000,0x00007fc05fb9b000)]
  0x00007fc064070000 JavaThread "Reference Handler" daemon [_thread_blocked, id=6499, stack(0x00007fc05fb9b000,0x00007fc05fc9c000)]

Other Threads:
  0x00007fc06406b800 VMThread [stack: 0x00007fc05fc9c000,0x00007fc05fd9d000] [id=6498]
  0x00007fc0640b0800 WatcherThread [stack: 0x00007fc05f2cc000,0x00007fc05f3cd000] [id=6505]

VM state:not at safepoint (normal execution)

VM Mutex/Monitor currently owned by a thread: None

Heap
 def new generation   total 5504K, used 4051K [0x00000000d1c00000, 0x00000000d21f0000, 0x00000000ddb50000)
  eden space 4928K,  70% used [0x00000000d1c00000, 0x00000000d1f64de0, 0x00000000d20d0000)
  from space 576K, 100% used [0x00000000d2160000, 0x00000000d21f0000, 0x00000000d21f0000)
  to   space 576K,   0% used [0x00000000d20d0000, 0x00000000d20d0000, 0x00000000d2160000)
 tenured generation   total 12288K, used 10319K [0x00000000ddb50000, 0x00000000de750000, 0x00000000f5a00000)
   the space 12288K,  83% used [0x00000000ddb50000, 0x00000000de563d08, 0x00000000de563e00, 0x00000000de750000)
 compacting perm gen  total 21248K, used 14377K [0x00000000f5a00000, 0x00000000f6ec0000, 0x0000000100000000)
   the space 21248K,  67% used [0x00000000f5a00000, 0x00000000f680a510, 0x00000000f680a600, 0x00000000f6ec0000)
No shared spaces configured.

Card table byte_map: [0x00007fc06802c000,0x00007fc06819f000] byte_map_base: 0x00007fc06799e000

Polling page: 0x00007fc06a7f5000

Code Cache  [0x00007fc06017c000, 0x00007fc0603ec000, 0x00007fc06317c000)
 total_blobs=543 nmethods=33 adapters=464 free_code_cache=48526Kb largest_free_block=49674816

Compilation events (10 events):
Event: 1.943 Thread 0x00007fc0640a1000 nmethod 29 0x00007fc060216490 code [0x00007fc060216640, 0x00007fc060216e48]
Event: 1.961 Thread 0x00007fc0640a1000   30             java.util.Properties$LineReader::readLine (452 bytes)
Event: 1.996 Thread 0x00007fc0640a3000 nmethod 28 0x00007fc060214d90 code [0x00007fc060214f80, 0x00007fc060215c60]
Event: 1.999 Thread 0x00007fc0640a1000 nmethod 30 0x00007fc060219890 code [0x00007fc060219a20, 0x00007fc06021a1f8]
Event: 2.008 Thread 0x00007fc0640a3000   31             java.util.Arrays::copyOfRange (63 bytes)
Event: 2.010 Thread 0x00007fc0640a3000 nmethod 31 0x00007fc060214910 code [0x00007fc060214a60, 0x00007fc060214c58]
Event: 2.034 Thread 0x00007fc0640a3000   32             java.util.Hashtable::rehash (168 bytes)
Event: 2.043 Thread 0x00007fc0640a3000 nmethod 32 0x00007fc0602190d0 code [0x00007fc060219260, 0x00007fc060219648]
Event: 2.099 Thread 0x00007fc0640a1000   33             java.util.Arrays::binarySearch0 (95 bytes)
Event: 2.103 Thread 0x00007fc0640a1000 nmethod 33 0x00007fc06021c0d0 code [0x00007fc06021c220, 0x00007fc06021c3d8]

GC Heap History (6 events):
Event: 0.962 GC heap before
{Heap before GC invocations=0 (full 0):
 def new generation   total 5504K, used 4928K [0x00000000d1c00000, 0x00000000d21f0000, 0x00000000ddb50000)
  eden space 4928K, 100% used [0x00000000d1c00000, 0x00000000d20d0000, 0x00000000d20d0000)
  from space 576K,   0% used [0x00000000d20d0000, 0x00000000d20d0000, 0x00000000d2160000)
  to   space 576K,   0% used [0x00000000d2160000, 0x00000000d2160000, 0x00000000d21f0000)
 tenured generation   total 12288K, used 9000K [0x00000000ddb50000, 0x00000000de750000, 0x00000000f5a00000)
   the space 12288K,  73% used [0x00000000ddb50000, 0x00000000de41a010, 0x00000000de41a200, 0x00000000de750000)
 compacting perm gen  total 21248K, used 7376K [0x00000000f5a00000, 0x00000000f6ec0000, 0x0000000100000000)
   the space 21248K,  34% used [0x00000000f5a00000, 0x00000000f6134038, 0x00000000f6134200, 0x00000000f6ec0000)
No shared spaces configured.
Event: 0.970 GC heap after
Heap after GC invocations=1 (full 0):
 def new generation   total 5504K, used 576K [0x00000000d1c00000, 0x00000000d21f0000, 0x00000000ddb50000)
  eden space 4928K,   0% used [0x00000000d1c00000, 0x00000000d1c00000, 0x00000000d20d0000)
  from space 576K, 100% used [0x00000000d2160000, 0x00000000d21f0000, 0x00000000d21f0000)
  to   space 576K,   0% used [0x00000000d20d0000, 0x00000000d20d0000, 0x00000000d2160000)
 tenured generation   total 12288K, used 9236K [0x00000000ddb50000, 0x00000000de750000, 0x00000000f5a00000)
   the space 12288K,  75% used [0x00000000ddb50000, 0x00000000de455190, 0x00000000de455200, 0x00000000de750000)
 compacting perm gen  total 21248K, used 7376K [0x00000000f5a00000, 0x00000000f6ec0000, 0x0000000100000000)
   the space 21248K,  34% used [0x00000000f5a00000, 0x00000000f6134038, 0x00000000f6134200, 0x00000000f6ec0000)
No shared spaces configured.
}
Event: 0.984 GC heap before
{Heap before GC invocations=1 (full 0):
 def new generation   total 5504K, used 5498K [0x00000000d1c00000, 0x00000000d21f0000, 0x00000000ddb50000)
  eden space 4928K,  99% used [0x00000000d1c00000, 0x00000000d20cea68, 0x00000000d20d0000)
  from space 576K, 100% used [0x00000000d2160000, 0x00000000d21f0000, 0x00000000d21f0000)
  to   space 576K,   0% used [0x00000000d20d0000, 0x00000000d20d0000, 0x00000000d2160000)
 tenured generation   total 12288K, used 9236K [0x00000000ddb50000, 0x00000000de750000, 0x00000000f5a00000)
   the space 12288K,  75% used [0x00000000ddb50000, 0x00000000de455190, 0x00000000de455200, 0x00000000de750000)
 compacting perm gen  total 21248K, used 7379K [0x00000000f5a00000, 0x00000000f6ec0000, 0x0000000100000000)
   the space 21248K,  34% used [0x00000000f5a00000, 0x00000000f6134c80, 0x00000000f6134e00, 0x00000000f6ec0000)
No shared spaces configured.
Event: 0.988 GC heap after
Heap after GC invocations=2 (full 0):
 def new generation   total 5504K, used 0K [0x00000000d1c00000, 0x00000000d21f0000, 0x00000000ddb50000)
  eden space 4928K,   0% used [0x00000000d1c00000, 0x00000000d1c00000, 0x00000000d20d0000)
  from space 576K,   0% used [0x00000000d20d0000, 0x00000000d20d00e8, 0x00000000d2160000)
  to   space 576K,   0% used [0x00000000d2160000, 0x00000000d2160000, 0x00000000d21f0000)
 tenured generation   total 12288K, used 9812K [0x00000000ddb50000, 0x00000000de750000, 0x00000000f5a00000)
   the space 12288K,  79% used [0x00000000ddb50000, 0x00000000de4e5028, 0x00000000de4e5200, 0x00000000de750000)
 compacting perm gen  total 21248K, used 7379K [0x00000000f5a00000, 0x00000000f6ec0000, 0x0000000100000000)
   the space 21248K,  34% used [0x00000000f5a00000, 0x00000000f6134c80, 0x00000000f6134e00, 0x00000000f6ec0000)
No shared spaces configured.
}
Event: 1.382 GC heap before
{Heap before GC invocations=2 (full 0):
 def new generation   total 5504K, used 4928K [0x00000000d1c00000, 0x00000000d21f0000, 0x00000000ddb50000)
  eden space 4928K, 100% used [0x00000000d1c00000, 0x00000000d20d0000, 0x00000000d20d0000)
  from space 576K,   0% used [0x00000000d20d0000, 0x00000000d20d00e8, 0x00000000d2160000)
  to   space 576K,   0% used [0x00000000d2160000, 0x00000000d2160000, 0x00000000d21f0000)
 tenured generation   total 12288K, used 9812K [0x00000000ddb50000, 0x00000000de750000, 0x00000000f5a00000)
   the space 12288K,  79% used [0x00000000ddb50000, 0x00000000de4e5028, 0x00000000de4e5200, 0x00000000de750000)
 compacting perm gen  total 21248K, used 11143K [0x00000000f5a00000, 0x00000000f6ec0000, 0x0000000100000000)
   the space 21248K,  52% used [0x00000000f5a00000, 0x00000000f64e1f28, 0x00000000f64e2000, 0x00000000f6ec0000)
No shared spaces configured.
Event: 1.390 GC heap after
Heap after GC invocations=3 (full 0):
 def new generation   total 5504K, used 576K [0x00000000d1c00000, 0x00000000d21f0000, 0x00000000ddb50000)
  eden space 4928K,   0% used [0x00000000d1c00000, 0x00000000d1c00000, 0x00000000d20d0000)
  from space 576K, 100% used [0x00000000d2160000, 0x00000000d21f0000, 0x00000000d21f0000)
  to   space 576K,   0% used [0x00000000d20d0000, 0x00000000d20d0000, 0x00000000d2160000)
 tenured generation   total 12288K, used 10319K [0x00000000ddb50000, 0x00000000de750000, 0x00000000f5a00000)
   the space 12288K,  83% used [0x00000000ddb50000, 0x00000000de563d08, 0x00000000de563e00, 0x00000000de750000)
 compacting perm gen  total 21248K, used 11143K [0x00000000f5a00000, 0x00000000f6ec0000, 0x0000000100000000)
   the space 21248K,  52% used [0x00000000f5a00000, 0x00000000f64e1f28, 0x00000000f64e2000, 0x00000000f6ec0000)
No shared spaces configured.
}

Deoptimization events (8 events):
Event: 1.422 Thread 0x00007fc06400a000 Uncommon trap: reason=class_check action=maybe_recompile pc=0x00007fc0601feec4 method=java.util.Properties$LineReader.readLine()I @ 62
Event: 1.427 Thread 0x00007fc06400a000 Uncommon trap: reason=class_check action=maybe_recompile pc=0x00007fc0601feec4 method=java.util.Properties$LineReader.readLine()I @ 62
Event: 1.427 Thread 0x00007fc06400a000 Uncommon trap: reason=class_check action=maybe_recompile pc=0x00007fc0601feec4 method=java.util.Properties$LineReader.readLine()I @ 62
Event: 1.427 Thread 0x00007fc06400a000 Uncommon trap: reason=class_check action=maybe_recompile pc=0x00007fc0601feec4 method=java.util.Properties$LineReader.readLine()I @ 62
Event: 1.943 Thread 0x00007fc06400a000 Uncommon trap: reason=bimorphic action=maybe_recompile pc=0x00007fc060216cb0 method=java.util.Properties$LineReader.readLine()I @ 62
Event: 1.944 Thread 0x00007fc06400a000 Uncommon trap: reason=bimorphic action=maybe_recompile pc=0x00007fc060216cb0 method=java.util.Properties$LineReader.readLine()I @ 62
Event: 1.945 Thread 0x00007fc06400a000 Uncommon trap: reason=bimorphic action=maybe_recompile pc=0x00007fc060216cb0 method=java.util.Properties$LineReader.readLine()I @ 62
Event: 1.949 Thread 0x00007fc06400a000 Uncommon trap: reason=bimorphic action=maybe_recompile pc=0x00007fc060216cb0 method=java.util.Properties$LineReader.readLine()I @ 62

Internal exceptions (10 events):
Event: 1.676 Thread 0x00007fc06400a000 Threw 0x00000000d1d923b8 at /build/buildd/openjdk-7-7u71-2.5.3/build/openjdk/hotspot/src/share/vm/prims/jvm.cpp:1284
Event: 1.676 Thread 0x00007fc06400a000 Threw 0x00000000d1d96a38 at /build/buildd/openjdk-7-7u71-2.5.3/build/openjdk/hotspot/src/share/vm/prims/jvm.cpp:1284
Event: 1.677 Thread 0x00007fc06400a000 Threw 0x00000000d1d9aba0 at /build/buildd/openjdk-7-7u71-2.5.3/build/openjdk/hotspot/src/share/vm/prims/jvm.cpp:1284
Event: 1.678 Thread 0x00007fc06400a000 Threw 0x00000000d1d9f0e0 at /build/buildd/openjdk-7-7u71-2.5.3/build/openjdk/hotspot/src/share/vm/prims/jvm.cpp:1284
Event: 1.713 Thread 0x00007fc06400a000 Threw 0x00000000d1dd2be0 at /build/buildd/openjdk-7-7u71-2.5.3/build/openjdk/hotspot/src/share/vm/prims/jvm.cpp:1284
Event: 1.716 Thread 0x00007fc06400a000 Threw 0x00000000d1dd9f00 at /build/buildd/openjdk-7-7u71-2.5.3/build/openjdk/hotspot/src/share/vm/prims/jvm.cpp:1284
Event: 1.717 Thread 0x00007fc06400a000 Threw 0x00000000d1ddea78 at /build/buildd/openjdk-7-7u71-2.5.3/build/openjdk/hotspot/src/share/vm/prims/jvm.cpp:1284
Event: 1.717 Thread 0x00007fc06400a000 Threw 0x00000000d1de2fa0 at /build/buildd/openjdk-7-7u71-2.5.3/build/openjdk/hotspot/src/share/vm/prims/jvm.cpp:1284
Event: 1.756 Thread 0x00007fc06400a000 Threw 0x00000000d1e018d0 at /build/buildd/openjdk-7-7u71-2.5.3/build/openjdk/hotspot/src/share/vm/prims/jvm.cpp:1284
Event: 1.787 Thread 0x00007fc06400a000 Threw 0x00000000d1e3e558 at /build/buildd/openjdk-7-7u71-2.5.3/build/openjdk/hotspot/src/share/vm/prims/jvm.cpp:1284

Events (10 events):
Event: 2.090 loading class 0x00007fc04c00b510 done
Event: 2.095 loading class 0x00007fc0640efde0
Event: 2.095 loading class 0x00007fc0640efde0 done
Event: 2.103 loading class 0x00007fc064174cc0
Event: 2.103 loading class 0x00007fc064174cc0 done
Event: 2.103 loading class 0x00007fc04c1a1250
Event: 2.103 loading class 0x00007fc04c1a1250 done
Event: 4.381 Executing VM operation: EnableBiasedLocking
Event: 4.487 Executing VM operation: EnableBiasedLocking done
Event: 22.726 Thread 0x00007fc06420e000 Thread exited: 0x00007fc06420e000


Dynamic libraries:
00400000-00401000 r-xp 00000000 08:01 138192                             /usr/lib/jvm/java-7-openjdk-amd64/jre/bin/java
00600000-00601000 r--p 00000000 08:01 138192                             /usr/lib/jvm/java-7-openjdk-amd64/jre/bin/java
00601000-00602000 rw-p 00001000 08:01 138192                             /usr/lib/jvm/java-7-openjdk-amd64/jre/bin/java
01b5c000-01b7d000 rw-p 00000000 00:00 0                                  [heap]
d1c00000-d21f0000 rw-p 00000000 00:00 0 
d21f0000-ddb50000 rw-p 00000000 00:00 0 
ddb50000-de750000 rw-p 00000000 00:00 0 
de750000-f5a00000 rw-p 00000000 00:00 0 
f5a00000-f6ec0000 rw-p 00000000 00:00 0 
f6ec0000-100000000 rw-p 00000000 00:00 0 
7fc01c84e000-7fc03c850000 rw-p 00000000 00:00 0 
7fc03c850000-7fc03c852000 ---p 00000000 00:00 0 
7fc03c852000-7fc03c950000 rw-p 00000000 00:00 0                          [stack:6512]
7fc03c950000-7fc03c9a1000 r-xp 00000000 08:01 138248                     /usr/lib/jvm/java-7-openjdk-amd64/jre/lib/amd64/libfontmanager.so
7fc03c9a1000-7fc03cba0000 ---p 00051000 08:01 138248                     /usr/lib/jvm/java-7-openjdk-amd64/jre/lib/amd64/libfontmanager.so
7fc03cba0000-7fc03cba3000 r--p 00050000 08:01 138248                     /usr/lib/jvm/java-7-openjdk-amd64/jre/lib/amd64/libfontmanager.so
7fc03cba3000-7fc03cba4000 rw-p 00053000 08:01 138248                     /usr/lib/jvm/java-7-openjdk-amd64/jre/lib/amd64/libfontmanager.so
7fc03cba4000-7fc03cba7000 ---p 00000000 00:00 0 
7fc03cba7000-7fc03cca5000 rw-p 00000000 00:00 0                          [stack:6511]
7fc03cca5000-7fc03ccb5000 r-xp 00000000 08:01 138271                     /usr/lib/jvm/java-7-openjdk-amd64/jre/lib/amd64/libnio.so
7fc03ccb5000-7fc03ceb5000 ---p 00010000 08:01 138271                     /usr/lib/jvm/java-7-openjdk-amd64/jre/lib/amd64/libnio.so
7fc03ceb5000-7fc03ceb6000 r--p 00010000 08:01 138271                     /usr/lib/jvm/java-7-openjdk-amd64/jre/lib/amd64/libnio.so
7fc03ceb6000-7fc03ceb7000 rw-p 00011000 08:01 138271                     /usr/lib/jvm/java-7-openjdk-amd64/jre/lib/amd64/libnio.so
7fc03ceb7000-7fc03cece000 r-xp 00000000 08:01 138270                     /usr/lib/jvm/java-7-openjdk-amd64/jre/lib/amd64/libnet.so
7fc03cece000-7fc03d0cd000 ---p 00017000 08:01 138270                     /usr/lib/jvm/java-7-openjdk-amd64/jre/lib/amd64/libnet.so
7fc03d0cd000-7fc03d0ce000 r--p 00016000 08:01 138270                     /usr/lib/jvm/java-7-openjdk-amd64/jre/lib/amd64/libnet.so
7fc03d0ce000-7fc03d0cf000 rw-p 00017000 08:01 138270                     /usr/lib/jvm/java-7-openjdk-amd64/jre/lib/amd64/libnet.so
7fc03d0cf000-7fc03d0d2000 ---p 00000000 00:00 0 
7fc03d0d2000-7fc03d1d0000 rw-p 00000000 00:00 0                          [stack:6509]
7fc03d1d0000-7fc03d213000 r-xp 00000000 08:01 143027                     /usr/lib/x86_64-linux-gnu/libjpeg.so.8.0.2
7fc03d213000-7fc03d413000 ---p 00043000 08:01 143027                     /usr/lib/x86_64-linux-gnu/libjpeg.so.8.0.2
7fc03d413000-7fc03d414000 r--p 00043000 08:01 143027                     /usr/lib/x86_64-linux-gnu/libjpeg.so.8.0.2
7fc03d414000-7fc03d415000 rw-p 00044000 08:01 143027                     /usr/lib/x86_64-linux-gnu/libjpeg.so.8.0.2
7fc03d415000-7fc03d425000 rw-p 00000000 00:00 0 
7fc03d425000-7fc03d42f000 r-xp 00000000 08:01 138260                     /usr/lib/jvm/java-7-openjdk-amd64/jre/lib/amd64/libjavajpeg.so
7fc03d42f000-7fc03d62e000 ---p 0000a000 08:01 138260                     /usr/lib/jvm/java-7-openjdk-amd64/jre/lib/amd64/libjavajpeg.so
7fc03d62e000-7fc03d62f000 r--p 00009000 08:01 138260                     /usr/lib/jvm/java-7-openjdk-amd64/jre/lib/amd64/libjavajpeg.so
7fc03d62f000-7fc03d630000 rw-p 0000a000 08:01 138260                     /usr/lib/jvm/java-7-openjdk-amd64/jre/lib/amd64/libjavajpeg.so
7fc03d630000-7fc03d633000 ---p 00000000 00:00 0 
7fc03d633000-7fc03d731000 rw-p 00000000 00:00 0 
7fc03d731000-7fc03d734000 ---p 00000000 00:00 0 
7fc03d734000-7fc03d832000 rw-p 00000000 00:00 0                          [stack:6507]
7fc03d832000-7fc03d837000 r-xp 00000000 08:01 142360                     /usr/lib/x86_64-linux-gnu/libXfixes.so.3.1.0
7fc03d837000-7fc03da36000 ---p 00005000 08:01 142360                     /usr/lib/x86_64-linux-gnu/libXfixes.so.3.1.0
7fc03da36000-7fc03da37000 r--p 00004000 08:01 142360                     /usr/lib/x86_64-linux-gnu/libXfixes.so.3.1.0
7fc03da37000-7fc03da38000 rw-p 00005000 08:01 142360                     /usr/lib/x86_64-linux-gnu/libXfixes.so.3.1.0
7fc03da38000-7fc03da41000 r-xp 00000000 08:01 142352                     /usr/lib/x86_64-linux-gnu/libXcursor.so.1.0.2
7fc03da41000-7fc03dc40000 ---p 00009000 08:01 142352                     /usr/lib/x86_64-linux-gnu/libXcursor.so.1.0.2
7fc03dc40000-7fc03dc41000 r--p 00008000 08:01 142352                     /usr/lib/x86_64-linux-gnu/libXcursor.so.1.0.2
7fc03dc41000-7fc03dc42000 rw-p 00009000 08:01 142352                     /usr/lib/x86_64-linux-gnu/libXcursor.so.1.0.2
7fc03dc42000-7fc03dc45000 ---p 00000000 00:00 0 
7fc03dc45000-7fc03dd43000 rw-p 00000000 00:00 0                          [stack:6506]
7fc03dd43000-7fc03dd47000 r-xp 00000000 08:01 525982                     /lib/x86_64-linux-gnu/libgpg-error.so.0.10.0
7fc03dd47000-7fc03df46000 ---p 00004000 08:01 525982                     /lib/x86_64-linux-gnu/libgpg-error.so.0.10.0
7fc03df46000-7fc03df47000 r--p 00003000 08:01 525982                     /lib/x86_64-linux-gnu/libgpg-error.so.0.10.0
7fc03df47000-7fc03df48000 rw-p 00004000 08:01 525982                     /lib/x86_64-linux-gnu/libgpg-error.so.0.10.0
7fc03df48000-7fc03df4a000 r-xp 00000000 08:01 525992                     /lib/x86_64-linux-gnu/libkeyutils.so.1.4
7fc03df4a000-7fc03e14a000 ---p 00002000 08:01 525992                     /lib/x86_64-linux-gnu/libkeyutils.so.1.4
7fc03e14a000-7fc03e14b000 r--p 00002000 08:01 525992                     /lib/x86_64-linux-gnu/libkeyutils.so.1.4
7fc03e14b000-7fc03e14c000 rw-p 00003000 08:01 525992                     /lib/x86_64-linux-gnu/libkeyutils.so.1.4
7fc03e14c000-7fc03e189000 r-xp 00000000 08:01 526053                     /lib/x86_64-linux-gnu/libpcre.so.3.13.1
7fc03e189000-7fc03e388000 ---p 0003d000 08:01 526053                     /lib/x86_64-linux-gnu/libpcre.so.3.13.1
7fc03e388000-7fc03e389000 r--p 0003c000 08:01 526053                     /lib/x86_64-linux-gnu/libpcre.so.3.13.1
7fc03e389000-7fc03e38a000 rw-p 0003d000 08:01 526053                     /lib/x86_64-linux-gnu/libpcre.so.3.13.1
7fc03e38a000-7fc03e3af000 r-xp 00000000 08:01 526065                     /lib/x86_64-linux-gnu/libpng12.so.0.50.0
7fc03e3af000-7fc03e5ae000 ---p 00025000 08:01 526065                     /lib/x86_64-linux-gnu/libpng12.so.0.50.0
7fc03e5ae000-7fc03e5af000 r--p 00024000 08:01 526065                     /lib/x86_64-linux-gnu/libpng12.so.0.50.0
7fc03e5af000-7fc03e5b0000 rw-p 00025000 08:01 526065                     /lib/x86_64-linux-gnu/libpng12.so.0.50.0
7fc03e5b0000-7fc03e5f4000 r-xp 00000000 08:01 525963                     /lib/x86_64-linux-gnu/libdbus-1.so.3.7.6
7fc03e5f4000-7fc03e7f3000 ---p 00044000 08:01 525963                     /lib/x86_64-linux-gnu/libdbus-1.so.3.7.6
7fc03e7f3000-7fc03e7f4000 r--p 00043000 08:01 525963                     /lib/x86_64-linux-gnu/libdbus-1.so.3.7.6
7fc03e7f4000-7fc03e7f5000 rw-p 00044000 08:01 525963                     /lib/x86_64-linux-gnu/libdbus-1.so.3.7.6
7fc03e7f5000-7fc03e830000 r-xp 00000000 08:01 143200                     /usr/lib/x86_64-linux-gnu/libp11-kit.so.0.0.0
7fc03e830000-7fc03ea2f000 ---p 0003b000 08:01 143200                     /usr/lib/x86_64-linux-gnu/libp11-kit.so.0.0.0
7fc03ea2f000-7fc03ea35000 r--p 0003a000 08:01 143200                     /usr/lib/x86_64-linux-gnu/libp11-kit.so.0.0.0
7fc03ea35000-7fc03ea37000 rw-p 00040000 08:01 143200                     /usr/lib/x86_64-linux-gnu/libp11-kit.so.0.0.0
7fc03ea37000-7fc03ea49000 r-xp 00000000 08:01 143379                     /usr/lib/x86_64-linux-gnu/libtasn1.so.6.2.0
7fc03ea49000-7fc03ec49000 ---p 00012000 08:01 143379                     /usr/lib/x86_64-linux-gnu/libtasn1.so.6.2.0
7fc03ec49000-7fc03ec4a000 r--p 00012000 08:01 143379                     /usr/lib/x86_64-linux-gnu/libtasn1.so.6.2.0
7fc03ec4a000-7fc03ec4b000 rw-p 00013000 08:01 143379                     /usr/lib/x86_64-linux-gnu/libtasn1.so.6.2.0
7fc03ec4b000-7fc03ecc7000 r-xp 00000000 08:01 525978                     /lib/x86_64-linux-gnu/libgcrypt.so.11.8.2
7fc03ecc7000-7fc03eec6000 ---p 0007c000 08:01 525978                     /lib/x86_64-linux-gnu/libgcrypt.so.11.8.2
7fc03eec6000-7fc03eec7000 r--p 0007b000 08:01 525978                     /lib/x86_64-linux-gnu/libgcrypt.so.11.8.2
7fc03eec7000-7fc03eeca000 rw-p 0007c000 08:01 525978                     /lib/x86_64-linux-gnu/libgcrypt.so.11.8.2
7fc03eeca000-7fc03eed4000 r-xp 00000000 08:01 143039                     /usr/lib/x86_64-linux-gnu/libkrb5support.so.0.1
7fc03eed4000-7fc03f0d3000 ---p 0000a000 08:01 143039                     /usr/lib/x86_64-linux-gnu/libkrb5support.so.0.1
7fc03f0d3000-7fc03f0d4000 r--p 00009000 08:01 143039                     /usr/lib/x86_64-linux-gnu/libkrb5support.so.0.1
7fc03f0d4000-7fc03f0d5000 rw-p 0000a000 08:01 143039                     /usr/lib/x86_64-linux-gnu/libkrb5support.so.0.1
7fc03f0d5000-7fc03f0d8000 r-xp 00000000 08:01 525958                     /lib/x86_64-linux-gnu/libcom_err.so.2.1
7fc03f0d8000-7fc03f2d7000 ---p 00003000 08:01 525958                     /lib/x86_64-linux-gnu/libcom_err.so.2.1
7fc03f2d7000-7fc03f2d8000 r--p 00002000 08:01 525958                     /lib/x86_64-linux-gnu/libcom_err.so.2.1
7fc03f2d8000-7fc03f2d9000 rw-p 00003000 08:01 525958                     /lib/x86_64-linux-gnu/libcom_err.so.2.1
7fc03f2d9000-7fc03f305000 r-xp 00000000 08:01 143031                     /usr/lib/x86_64-linux-gnu/libk5crypto.so.3.1
7fc03f305000-7fc03f504000 ---p 0002c000 08:01 143031                     /usr/lib/x86_64-linux-gnu/libk5crypto.so.3.1
7fc03f504000-7fc03f506000 r--p 0002b000 08:01 143031                     /usr/lib/x86_64-linux-gnu/libk5crypto.so.3.1
7fc03f506000-7fc03f507000 rw-p 0002d000 08:01 143031                     /usr/lib/x86_64-linux-gnu/libk5crypto.so.3.1
7fc03f507000-7fc03f508000 rw-p 00000000 00:00 0 
7fc03f508000-7fc03f5c4000 r-xp 00000000 08:01 143037                     /usr/lib/x86_64-linux-gnu/libkrb5.so.3.3
7fc03f5c4000-7fc03f7c4000 ---p 000bc000 08:01 143037                     /usr/lib/x86_64-linux-gnu/libkrb5.so.3.3
7fc03f7c4000-7fc03f7d1000 r--p 000bc000 08:01 143037                     /usr/lib/x86_64-linux-gnu/libkrb5.so.3.3
7fc03f7d1000-7fc03f7d3000 rw-p 000c9000 08:01 143037                     /usr/lib/x86_64-linux-gnu/libkrb5.so.3.3
7fc03f7d3000-7fc03f7d8000 r-xp 00000000 08:01 142356                     /usr/lib/x86_64-linux-gnu/libXdmcp.so.6.0.0
7fc03f7d8000-7fc03f9d7000 ---p 00005000 08:01 142356                     /usr/lib/x86_64-linux-gnu/libXdmcp.so.6.0.0
7fc03f9d7000-7fc03f9d8000 r--p 00004000 08:01 142356                     /usr/lib/x86_64-linux-gnu/libXdmcp.so.6.0.0
7fc03f9d8000-7fc03f9d9000 rw-p 00005000 08:01 142356                     /usr/lib/x86_64-linux-gnu/libXdmcp.so.6.0.0
7fc03f9d9000-7fc03f9db000 r-xp 00000000 08:01 142345                     /usr/lib/x86_64-linux-gnu/libXau.so.6.0.0
7fc03f9db000-7fc03fbdb000 ---p 00002000 08:01 142345                     /usr/lib/x86_64-linux-gnu/libXau.so.6.0.0
7fc03fbdb000-7fc03fbdc000 r--p 00002000 08:01 142345                     /usr/lib/x86_64-linux-gnu/libXau.so.6.0.0
7fc03fbdc000-7fc03fbdd000 rw-p 00003000 08:01 142345                     /usr/lib/x86_64-linux-gnu/libXau.so.6.0.0
7fc03fbdd000-7fc03fbe4000 r-xp 00000000 08:01 142658                     /usr/lib/x86_64-linux-gnu/libffi.so.6.0.1
7fc03fbe4000-7fc03fde3000 ---p 00007000 08:01 142658                     /usr/lib/x86_64-linux-gnu/libffi.so.6.0.1
7fc03fde3000-7fc03fde4000 r--p 00006000 08:01 142658                     /usr/lib/x86_64-linux-gnu/libffi.so.6.0.1
7fc03fde4000-7fc03fde5000 rw-p 00007000 08:01 142658                     /usr/lib/x86_64-linux-gnu/libffi.so.6.0.1
7fc03fde5000-7fc03fdfc000 r-xp 00000000 08:01 523965                     /lib/x86_64-linux-gnu/libresolv-2.19.so
7fc03fdfc000-7fc03fffc000 ---p 00017000 08:01 523965                     /lib/x86_64-linux-gnu/libresolv-2.19.so
7fc03fffc000-7fc03fffd000 r--p 00017000 08:01 523965                     /lib/x86_64-linux-gnu/libresolv-2.19.so
7fc03fffd000-7fc03fffe000 rw-p 00018000 08:01 523965                     /lib/x86_64-linux-gnu/libresolv-2.19.so
7fc03fffe000-7fc040000000 rw-p 00000000 00:00 0 
7fc040000000-7fc040227000 rw-p 00000000 00:00 0 
7fc040227000-7fc044000000 ---p 00000000 00:00 0 
7fc044000000-7fc044021000 rw-p 00000000 00:00 0 
7fc044021000-7fc048000000 ---p 00000000 00:00 0 
7fc048000000-7fc048021000 rw-p 00000000 00:00 0 
7fc048021000-7fc04c000000 ---p 00000000 00:00 0 
7fc04c000000-7fc04c21c000 rw-p 00000000 00:00 0 
7fc04c21c000-7fc050000000 ---p 00000000 00:00 0 
7fc050000000-7fc05024b000 rw-p 00000000 00:00 0 
7fc05024b000-7fc054000000 ---p 00000000 00:00 0 
7fc054000000-7fc054021000 rw-p 00000000 00:00 0 
7fc054021000-7fc058000000 ---p 00000000 00:00 0 
7fc058000000-7fc058021000 rw-p 00000000 00:00 0 
7fc058021000-7fc05c000000 ---p 00000000 00:00 0 
7fc05c079000-7fc05c099000 r-xp 00000000 08:01 526080                     /lib/x86_64-linux-gnu/libselinux.so.1
7fc05c099000-7fc05c298000 ---p 00020000 08:01 526080                     /lib/x86_64-linux-gnu/libselinux.so.1
7fc05c298000-7fc05c299000 r--p 0001f000 08:01 526080                     /lib/x86_64-linux-gnu/libselinux.so.1
7fc05c299000-7fc05c29a000 rw-p 00020000 08:01 526080                     /lib/x86_64-linux-gnu/libselinux.so.1
7fc05c29a000-7fc05c29c000 rw-p 00000000 00:00 0 
7fc05c29c000-7fc05c3a2000 r-xp 00000000 08:01 525980                     /lib/x86_64-linux-gnu/libglib-2.0.so.0.4002.0
7fc05c3a2000-7fc05c5a1000 ---p 00106000 08:01 525980                     /lib/x86_64-linux-gnu/libglib-2.0.so.0.4002.0
7fc05c5a1000-7fc05c5a2000 r--p 00105000 08:01 525980                     /lib/x86_64-linux-gnu/libglib-2.0.so.0.4002.0
7fc05c5a2000-7fc05c5a3000 rw-p 00106000 08:01 525980                     /lib/x86_64-linux-gnu/libglib-2.0.so.0.4002.0
7fc05c5a3000-7fc05c5a4000 rw-p 00000000 00:00 0 
7fc05c5a4000-7fc05c5a7000 r-xp 00000000 08:01 142792                     /usr/lib/x86_64-linux-gnu/libgmodule-2.0.so.0.4002.0
7fc05c5a7000-7fc05c7a6000 ---p 00003000 08:01 142792                     /usr/lib/x86_64-linux-gnu/libgmodule-2.0.so.0.4002.0
7fc05c7a6000-7fc05c7a7000 r--p 00002000 08:01 142792                     /usr/lib/x86_64-linux-gnu/libgmodule-2.0.so.0.4002.0
7fc05c7a7000-7fc05c7a8000 rw-p 00003000 08:01 142792                     /usr/lib/x86_64-linux-gnu/libgmodule-2.0.so.0.4002.0
7fc05c7a8000-7fc05c7cf000 r-xp 00000000 08:01 525971                     /lib/x86_64-linux-gnu/libexpat.so.1.6.0
7fc05c7cf000-7fc05c9cf000 ---p 00027000 08:01 525971                     /lib/x86_64-linux-gnu/libexpat.so.1.6.0
7fc05c9cf000-7fc05c9d1000 r--p 00027000 08:01 525971                     /lib/x86_64-linux-gnu/libexpat.so.1.6.0
7fc05c9d1000-7fc05c9d2000 rw-p 00029000 08:01 525971                     /lib/x86_64-linux-gnu/libexpat.so.1.6.0
7fc05c9d2000-7fc05ca6f000 r-xp 00000000 08:01 142720                     /usr/lib/x86_64-linux-gnu/libfreetype.so.6.11.1
7fc05ca6f000-7fc05cc6e000 ---p 0009d000 08:01 142720                     /usr/lib/x86_64-linux-gnu/libfreetype.so.6.11.1
7fc05cc6e000-7fc05cc74000 r--p 0009c000 08:01 142720                     /usr/lib/x86_64-linux-gnu/libfreetype.so.6.11.1
7fc05cc74000-7fc05cc75000 rw-p 000a2000 08:01 142720                     /usr/lib/x86_64-linux-gnu/libfreetype.so.6.11.1
7fc05cc75000-7fc05cc84000 r-xp 00000000 08:01 142451                     /usr/lib/x86_64-linux-gnu/libavahi-client.so.3.2.9
7fc05cc84000-7fc05ce84000 ---p 0000f000 08:01 142451                     /usr/lib/x86_64-linux-gnu/libavahi-client.so.3.2.9
7fc05ce84000-7fc05ce85000 r--p 0000f000 08:01 142451                     /usr/lib/x86_64-linux-gnu/libavahi-client.so.3.2.9
7fc05ce85000-7fc05ce86000 rw-p 00010000 08:01 142451                     /usr/lib/x86_64-linux-gnu/libavahi-client.so.3.2.9
7fc05ce86000-7fc05ce91000 r-xp 00000000 08:01 142453                     /usr/lib/x86_64-linux-gnu/libavahi-common.so.3.5.3
7fc05ce91000-7fc05d090000 ---p 0000b000 08:01 142453                     /usr/lib/x86_64-linux-gnu/libavahi-common.so.3.5.3
7fc05d090000-7fc05d091000 r--p 0000a000 08:01 142453                     /usr/lib/x86_64-linux-gnu/libavahi-common.so.3.5.3
7fc05d091000-7fc05d092000 rw-p 0000b000 08:01 142453                     /usr/lib/x86_64-linux-gnu/libavahi-common.so.3.5.3
7fc05d092000-7fc05d148000 r-xp 00000000 08:01 142810                     /usr/lib/x86_64-linux-gnu/libgnutls.so.26.22.6
7fc05d148000-7fc05d348000 ---p 000b6000 08:01 142810                     /usr/lib/x86_64-linux-gnu/libgnutls.so.26.22.6
7fc05d348000-7fc05d34e000 r--p 000b6000 08:01 142810                     /usr/lib/x86_64-linux-gnu/libgnutls.so.26.22.6
7fc05d34e000-7fc05d34f000 rw-p 000bc000 08:01 142810                     /usr/lib/x86_64-linux-gnu/libgnutls.so.26.22.6
7fc05d34f000-7fc05d350000 rw-p 00000000 00:00 0 
7fc05d350000-7fc05d393000 r-xp 00000000 08:01 142844                     /usr/lib/x86_64-linux-gnu/libgssapi_krb5.so.2.2
7fc05d393000-7fc05d593000 ---p 00043000 08:01 142844                     /usr/lib/x86_64-linux-gnu/libgssapi_krb5.so.2.2
7fc05d593000-7fc05d594000 r--p 00043000 08:01 142844                     /usr/lib/x86_64-linux-gnu/libgssapi_krb5.so.2.2
7fc05d594000-7fc05d596000 rw-p 00044000 08:01 142844                     /usr/lib/x86_64-linux-gnu/libgssapi_krb5.so.2.2
7fc05d596000-7fc05d5b3000 r-xp 00000000 08:01 143530                     /usr/lib/x86_64-linux-gnu/libxcb.so.1.1.0
7fc05d5b3000-7fc05d7b3000 ---p 0001d000 08:01 143530                     /usr/lib/x86_64-linux-gnu/libxcb.so.1.1.0
7fc05d7b3000-7fc05d7b4000 r--p 0001d000 08:01 143530                     /usr/lib/x86_64-linux-gnu/libxcb.so.1.1.0
7fc05d7b4000-7fc05d7b5000 rw-p 0001e000 08:01 143530                     /usr/lib/x86_64-linux-gnu/libxcb.so.1.1.0
7fc05d7b5000-7fc05d804000 r-xp 00000000 08:01 142816                     /usr/lib/x86_64-linux-gnu/libgobject-2.0.so.0.4002.0
7fc05d804000-7fc05da04000 ---p 0004f000 08:01 142816                     /usr/lib/x86_64-linux-gnu/libgobject-2.0.so.0.4002.0
7fc05da04000-7fc05da05000 r--p 0004f000 08:01 142816                     /usr/lib/x86_64-linux-gnu/libgobject-2.0.so.0.4002.0
7fc05da05000-7fc05da06000 rw-p 00050000 08:01 142816                     /usr/lib/x86_64-linux-gnu/libgobject-2.0.so.0.4002.0
7fc05da06000-7fc05db72000 r-xp 00000000 08:01 142776                     /usr/lib/x86_64-linux-gnu/libgio-2.0.so.0.4002.0
7fc05db72000-7fc05dd71000 ---p 0016c000 08:01 142776                     /usr/lib/x86_64-linux-gnu/libgio-2.0.so.0.4002.0
7fc05dd71000-7fc05dd75000 r--p 0016b000 08:01 142776                     /usr/lib/x86_64-linux-gnu/libgio-2.0.so.0.4002.0
7fc05dd75000-7fc05dd77000 rw-p 0016f000 08:01 142776                     /usr/lib/x86_64-linux-gnu/libgio-2.0.so.0.4002.0
7fc05dd77000-7fc05dd79000 rw-p 00000000 00:00 0 
7fc05dd79000-7fc05ddb3000 r-xp 00000000 08:01 142692                     /usr/lib/x86_64-linux-gnu/libfontconfig.so.1.8.0
7fc05ddb3000-7fc05dfb2000 ---p 0003a000 08:01 142692                     /usr/lib/x86_64-linux-gnu/libfontconfig.so.1.8.0
7fc05dfb2000-7fc05dfb4000 r--p 00039000 08:01 142692                     /usr/lib/x86_64-linux-gnu/libfontconfig.so.1.8.0
7fc05dfb4000-7fc05dfb5000 rw-p 0003b000 08:01 142692                     /usr/lib/x86_64-linux-gnu/libfontconfig.so.1.8.0
7fc05dfb5000-7fc05e021000 r-xp 00000000 08:01 142550                     /usr/lib/x86_64-linux-gnu/libcups.so.2
7fc05e021000-7fc05e221000 ---p 0006c000 08:01 142550                     /usr/lib/x86_64-linux-gnu/libcups.so.2
7fc05e221000-7fc05e228000 r--p 0006c000 08:01 142550                     /usr/lib/x86_64-linux-gnu/libcups.so.2
7fc05e228000-7fc05e229000 rw-p 00073000 08:01 142550                     /usr/lib/x86_64-linux-gnu/libcups.so.2
7fc05e229000-7fc05e238000 r-xp 00000000 08:01 142366                     /usr/lib/x86_64-linux-gnu/libXi.so.6.1.0
7fc05e238000-7fc05e437000 ---p 0000f000 08:01 142366                     /usr/lib/x86_64-linux-gnu/libXi.so.6.1.0
7fc05e437000-7fc05e438000 r--p 0000e000 08:01 142366                     /usr/lib/x86_64-linux-gnu/libXi.so.6.1.0
7fc05e438000-7fc05e439000 rw-p 0000f000 08:01 142366                     /usr/lib/x86_64-linux-gnu/libXi.so.6.1.0
7fc05e439000-7fc05e43e000 r-xp 00000000 08:01 142384                     /usr/lib/x86_64-linux-gnu/libXtst.so.6.1.0
7fc05e43e000-7fc05e63d000 ---p 00005000 08:01 142384                     /usr/lib/x86_64-linux-gnu/libXtst.so.6.1.0
7fc05e63d000-7fc05e63e000 r--p 00004000 08:01 142384                     /usr/lib/x86_64-linux-gnu/libXtst.so.6.1.0
7fc05e63e000-7fc05e63f000 rw-p 00005000 08:01 142384                     /usr/lib/x86_64-linux-gnu/libXtst.so.6.1.0
7fc05e63f000-7fc05e648000 r-xp 00000000 08:01 142378                     /usr/lib/x86_64-linux-gnu/libXrender.so.1.3.0
7fc05e648000-7fc05e847000 ---p 00009000 08:01 142378                     /usr/lib/x86_64-linux-gnu/libXrender.so.1.3.0
7fc05e847000-7fc05e848000 r--p 00008000 08:01 142378                     /usr/lib/x86_64-linux-gnu/libXrender.so.1.3.0
7fc05e848000-7fc05e849000 rw-p 00009000 08:01 142378                     /usr/lib/x86_64-linux-gnu/libXrender.so.1.3.0
7fc05e849000-7fc05e979000 r-xp 00000000 08:01 142341                     /usr/lib/x86_64-linux-gnu/libX11.so.6.3.0
7fc05e979000-7fc05eb79000 ---p 00130000 08:01 142341                     /usr/lib/x86_64-linux-gnu/libX11.so.6.3.0
7fc05eb79000-7fc05eb7a000 r--p 00130000 08:01 142341                     /usr/lib/x86_64-linux-gnu/libX11.so.6.3.0
7fc05eb7a000-7fc05eb7e000 rw-p 00131000 08:01 142341                     /usr/lib/x86_64-linux-gnu/libX11.so.6.3.0
7fc05eb7e000-7fc05eb8f000 r-xp 00000000 08:01 142358                     /usr/lib/x86_64-linux-gnu/libXext.so.6.4.0
7fc05eb8f000-7fc05ed8e000 ---p 00011000 08:01 142358                     /usr/lib/x86_64-linux-gnu/libXext.so.6.4.0
7fc05ed8e000-7fc05ed8f000 r--p 00010000 08:01 142358                     /usr/lib/x86_64-linux-gnu/libXext.so.6.4.0
7fc05ed8f000-7fc05ed90000 rw-p 00011000 08:01 142358                     /usr/lib/x86_64-linux-gnu/libXext.so.6.4.0
7fc05edaf000-7fc05edf7000 r-xp 00000000 08:01 138286                     /usr/lib/jvm/java-7-openjdk-amd64/jre/lib/amd64/xawt/libmawt.so
7fc05edf7000-7fc05eff6000 ---p 00048000 08:01 138286                     /usr/lib/jvm/java-7-openjdk-amd64/jre/lib/amd64/xawt/libmawt.so
7fc05eff6000-7fc05eff7000 r--p 00047000 08:01 138286                     /usr/lib/jvm/java-7-openjdk-amd64/jre/lib/amd64/xawt/libmawt.so
7fc05eff7000-7fc05effa000 rw-p 00048000 08:01 138286                     /usr/lib/jvm/java-7-openjdk-amd64/jre/lib/amd64/xawt/libmawt.so
7fc05effa000-7fc05effb000 rw-p 00000000 00:00 0 
7fc05effb000-7fc05f09b000 r-xp 00000000 08:01 138246                     /usr/lib/jvm/java-7-openjdk-amd64/jre/lib/amd64/libawt.so
7fc05f09b000-7fc05f29b000 ---p 000a0000 08:01 138246                     /usr/lib/jvm/java-7-openjdk-amd64/jre/lib/amd64/libawt.so
7fc05f29b000-7fc05f29c000 r--p 000a0000 08:01 138246                     /usr/lib/jvm/java-7-openjdk-amd64/jre/lib/amd64/libawt.so
7fc05f29c000-7fc05f2a7000 rw-p 000a1000 08:01 138246                     /usr/lib/jvm/java-7-openjdk-amd64/jre/lib/amd64/libawt.so
7fc05f2a7000-7fc05f2cc000 rw-p 00000000 00:00 0 
7fc05f2cc000-7fc05f2cd000 ---p 00000000 00:00 0 
7fc05f2cd000-7fc05f3cd000 rw-p 00000000 00:00 0                          [stack:6505]
7fc05f3cd000-7fc05f3d0000 ---p 00000000 00:00 0 
7fc05f3d0000-7fc05f4ce000 rw-p 00000000 00:00 0                          [stack:6504]
7fc05f4ce000-7fc05f4d1000 ---p 00000000 00:00 0 
7fc05f4d1000-7fc05f5cf000 rw-p 00000000 00:00 0                          [stack:6503]
7fc05f5cf000-7fc05f5d2000 ---p 00000000 00:00 0 
7fc05f5d2000-7fc05f6d0000 rw-p 00000000 00:00 0                          [stack:6502]
7fc05f6d0000-7fc05f6d3000 ---p 00000000 00:00 0 
7fc05f6d3000-7fc05f7d1000 rw-p 00000000 00:00 0                          [stack:6501]
7fc05f7d1000-7fc05fa9a000 r--p 00000000 08:01 140170                     /usr/lib/locale/locale-archive
7fc05fa9a000-7fc05fa9d000 ---p 00000000 00:00 0 
7fc05fa9d000-7fc05fb9b000 rw-p 00000000 00:00 0                          [stack:6500]
7fc05fb9b000-7fc05fb9e000 ---p 00000000 00:00 0 
7fc05fb9e000-7fc05fc9c000 rw-p 00000000 00:00 0                          [stack:6499]
7fc05fc9c000-7fc05fc9d000 ---p 00000000 00:00 0 
7fc05fc9d000-7fc05fde6000 rw-p 00000000 00:00 0                          [stack:6498]
7fc05fde6000-7fc05ff97000 r--s 01d25000 08:01 138233                     /usr/lib/jvm/java-7-openjdk-amd64/jre/lib/rt.jar
7fc05ff97000-7fc060073000 rw-p 00000000 00:00 0 
7fc060073000-7fc0600bc000 rw-p 00000000 00:00 0 
7fc0600bc000-7fc0600c3000 rw-p 00000000 00:00 0 
7fc0600c3000-7fc06017c000 rw-p 00000000 00:00 0 
7fc06017c000-7fc0603ec000 rwxp 00000000 00:00 0 
7fc0603ec000-7fc06317c000 rw-p 00000000 00:00 0 
7fc06317c000-7fc063184000 r-xp 00000000 08:01 138278                     /usr/lib/jvm/java-7-openjdk-amd64/jre/lib/amd64/libzip.so
7fc063184000-7fc063383000 ---p 00008000 08:01 138278                     /usr/lib/jvm/java-7-openjdk-amd64/jre/lib/amd64/libzip.so
7fc063383000-7fc063384000 r--p 00007000 08:01 138278                     /usr/lib/jvm/java-7-openjdk-amd64/jre/lib/amd64/libzip.so
7fc063384000-7fc063385000 rw-p 00008000 08:01 138278                     /usr/lib/jvm/java-7-openjdk-amd64/jre/lib/amd64/libzip.so
7fc063385000-7fc063390000 r-xp 00000000 08:01 523970                     /lib/x86_64-linux-gnu/libnss_files-2.19.so
7fc063390000-7fc06358f000 ---p 0000b000 08:01 523970                     /lib/x86_64-linux-gnu/libnss_files-2.19.so
7fc06358f000-7fc063590000 r--p 0000a000 08:01 523970                     /lib/x86_64-linux-gnu/libnss_files-2.19.so
7fc063590000-7fc063591000 rw-p 0000b000 08:01 523970                     /lib/x86_64-linux-gnu/libnss_files-2.19.so
7fc063591000-7fc06359c000 r-xp 00000000 08:01 523967                     /lib/x86_64-linux-gnu/libnss_nis-2.19.so
7fc06359c000-7fc06379b000 ---p 0000b000 08:01 523967                     /lib/x86_64-linux-gnu/libnss_nis-2.19.so
7fc06379b000-7fc06379c000 r--p 0000a000 08:01 523967                     /lib/x86_64-linux-gnu/libnss_nis-2.19.so
7fc06379c000-7fc06379d000 rw-p 0000b000 08:01 523967                     /lib/x86_64-linux-gnu/libnss_nis-2.19.so
7fc06379d000-7fc0637b4000 r-xp 00000000 08:01 523936                     /lib/x86_64-linux-gnu/libnsl-2.19.so
7fc0637b4000-7fc0639b3000 ---p 00017000 08:01 523936                     /lib/x86_64-linux-gnu/libnsl-2.19.so
7fc0639b3000-7fc0639b4000 r--p 00016000 08:01 523936                     /lib/x86_64-linux-gnu/libnsl-2.19.so
7fc0639b4000-7fc0639b5000 rw-p 00017000 08:01 523936                     /lib/x86_64-linux-gnu/libnsl-2.19.so
7fc0639b5000-7fc0639b7000 rw-p 00000000 00:00 0 
7fc0639b7000-7fc0639c0000 r-xp 00000000 08:01 523929                     /lib/x86_64-linux-gnu/libnss_compat-2.19.so
7fc0639c0000-7fc063bbf000 ---p 00009000 08:01 523929                     /lib/x86_64-linux-gnu/libnss_compat-2.19.so
7fc063bbf000-7fc063bc0000 r--p 00008000 08:01 523929                     /lib/x86_64-linux-gnu/libnss_compat-2.19.so
7fc063bc0000-7fc063bc1000 rw-p 00009000 08:01 523929                     /lib/x86_64-linux-gnu/libnss_compat-2.19.so
7fc063bc1000-7fc063bec000 r-xp 00000000 08:01 138257                     /usr/lib/jvm/java-7-openjdk-amd64/jre/lib/amd64/libjava.so
7fc063bec000-7fc063deb000 ---p 0002b000 08:01 138257                     /usr/lib/jvm/java-7-openjdk-amd64/jre/lib/amd64/libjava.so
7fc063deb000-7fc063dec000 r--p 0002a000 08:01 138257                     /usr/lib/jvm/java-7-openjdk-amd64/jre/lib/amd64/libjava.so
7fc063dec000-7fc063dee000 rw-p 0002b000 08:01 138257                     /usr/lib/jvm/java-7-openjdk-amd64/jre/lib/amd64/libjava.so
7fc063dee000-7fc063dfe000 r-xp 00000000 08:01 138277                     /usr/lib/jvm/java-7-openjdk-amd64/jre/lib/amd64/libverify.so
7fc063dfe000-7fc063ffd000 ---p 00010000 08:01 138277                     /usr/lib/jvm/java-7-openjdk-amd64/jre/lib/amd64/libverify.so
7fc063ffd000-7fc063fff000 r--p 0000f000 08:01 138277                     /usr/lib/jvm/java-7-openjdk-amd64/jre/lib/amd64/libverify.so
7fc063fff000-7fc064000000 rw-p 00011000 08:01 138277                     /usr/lib/jvm/java-7-openjdk-amd64/jre/lib/amd64/libverify.so
7fc064000000-7fc064491000 rw-p 00000000 00:00 0 
7fc064491000-7fc068000000 ---p 00000000 00:00 0 
7fc068004000-7fc06802f000 rw-p 00000000 00:00 0 
7fc06802f000-7fc06808b000 rw-p 00000000 00:00 0 
7fc06808b000-7fc068092000 rw-p 00000000 00:00 0 
7fc068092000-7fc06814b000 rw-p 00000000 00:00 0 
7fc06814b000-7fc068156000 rw-p 00000000 00:00 0 
7fc068156000-7fc06819e000 rw-p 00000000 00:00 0 
7fc06819e000-7fc06819f000 rw-p 00000000 00:00 0 
7fc06819f000-7fc0681a6000 r-xp 00000000 08:01 523913                     /lib/x86_64-linux-gnu/librt-2.19.so
7fc0681a6000-7fc0683a5000 ---p 00007000 08:01 523913                     /lib/x86_64-linux-gnu/librt-2.19.so
7fc0683a5000-7fc0683a6000 r--p 00006000 08:01 523913                     /lib/x86_64-linux-gnu/librt-2.19.so
7fc0683a6000-7fc0683a7000 rw-p 00007000 08:01 523913                     /lib/x86_64-linux-gnu/librt-2.19.so
7fc0683a7000-7fc0683bd000 r-xp 00000000 08:01 525976                     /lib/x86_64-linux-gnu/libgcc_s.so.1
7fc0683bd000-7fc0685bc000 ---p 00016000 08:01 525976                     /lib/x86_64-linux-gnu/libgcc_s.so.1
7fc0685bc000-7fc0685bd000 rw-p 00015000 08:01 525976                     /lib/x86_64-linux-gnu/libgcc_s.so.1
7fc0685bd000-7fc0686c2000 r-xp 00000000 08:01 523935                     /lib/x86_64-linux-gnu/libm-2.19.so
7fc0686c2000-7fc0688c1000 ---p 00105000 08:01 523935                     /lib/x86_64-linux-gnu/libm-2.19.so
7fc0688c1000-7fc0688c2000 r--p 00104000 08:01 523935                     /lib/x86_64-linux-gnu/libm-2.19.so
7fc0688c2000-7fc0688c3000 rw-p 00105000 08:01 523935                     /lib/x86_64-linux-gnu/libm-2.19.so
7fc0688c3000-7fc0689a9000 r-xp 00000000 08:01 143371                     /usr/lib/x86_64-linux-gnu/libstdc++.so.6.0.19
7fc0689a9000-7fc068ba8000 ---p 000e6000 08:01 143371                     /usr/lib/x86_64-linux-gnu/libstdc++.so.6.0.19
7fc068ba8000-7fc068bb0000 r--p 000e5000 08:01 143371                     /usr/lib/x86_64-linux-gnu/libstdc++.so.6.0.19
7fc068bb0000-7fc068bb2000 rw-p 000ed000 08:01 143371                     /usr/lib/x86_64-linux-gnu/libstdc++.so.6.0.19
7fc068bb2000-7fc068bc7000 rw-p 00000000 00:00 0 
7fc068bc7000-7fc0696dd000 r-xp 00000000 08:01 138285                     /usr/lib/jvm/java-7-openjdk-amd64/jre/lib/amd64/server/libjvm.so
7fc0696dd000-7fc0698dc000 ---p 00b16000 08:01 138285                     /usr/lib/jvm/java-7-openjdk-amd64/jre/lib/amd64/server/libjvm.so
7fc0698dc000-7fc069976000 r--p 00b15000 08:01 138285                     /usr/lib/jvm/java-7-openjdk-amd64/jre/lib/amd64/server/libjvm.so
7fc069976000-7fc069999000 rw-p 00baf000 08:01 138285                     /usr/lib/jvm/java-7-openjdk-amd64/jre/lib/amd64/server/libjvm.so
7fc069999000-7fc0699c7000 rw-p 00000000 00:00 0 
7fc0699c7000-7fc0699df000 r-xp 00000000 08:01 526113                     /lib/x86_64-linux-gnu/libz.so.1.2.8
7fc0699df000-7fc069bde000 ---p 00018000 08:01 526113                     /lib/x86_64-linux-gnu/libz.so.1.2.8
7fc069bde000-7fc069bdf000 r--p 00017000 08:01 526113                     /lib/x86_64-linux-gnu/libz.so.1.2.8
7fc069bdf000-7fc069be0000 rw-p 00018000 08:01 526113                     /lib/x86_64-linux-gnu/libz.so.1.2.8
7fc069be0000-7fc069bf9000 r-xp 00000000 08:01 523969                     /lib/x86_64-linux-gnu/libpthread-2.19.so
7fc069bf9000-7fc069df8000 ---p 00019000 08:01 523969                     /lib/x86_64-linux-gnu/libpthread-2.19.so
7fc069df8000-7fc069df9000 r--p 00018000 08:01 523969                     /lib/x86_64-linux-gnu/libpthread-2.19.so
7fc069df9000-7fc069dfa000 rw-p 00019000 08:01 523969                     /lib/x86_64-linux-gnu/libpthread-2.19.so
7fc069dfa000-7fc069dfe000 rw-p 00000000 00:00 0 
7fc069dfe000-7fc069e01000 r-xp 00000000 08:01 523925                     /lib/x86_64-linux-gnu/libdl-2.19.so
7fc069e01000-7fc06a000000 ---p 00003000 08:01 523925                     /lib/x86_64-linux-gnu/libdl-2.19.so
7fc06a000000-7fc06a001000 r--p 00002000 08:01 523925                     /lib/x86_64-linux-gnu/libdl-2.19.so
7fc06a001000-7fc06a002000 rw-p 00003000 08:01 523925                     /lib/x86_64-linux-gnu/libdl-2.19.so
7fc06a002000-7fc06a1bd000 r-xp 00000000 08:01 523912                     /lib/x86_64-linux-gnu/libc-2.19.so
7fc06a1bd000-7fc06a3bd000 ---p 001bb000 08:01 523912                     /lib/x86_64-linux-gnu/libc-2.19.so
7fc06a3bd000-7fc06a3c1000 r--p 001bb000 08:01 523912                     /lib/x86_64-linux-gnu/libc-2.19.so
7fc06a3c1000-7fc06a3c3000 rw-p 001bf000 08:01 523912                     /lib/x86_64-linux-gnu/libc-2.19.so
7fc06a3c3000-7fc06a3c8000 rw-p 00000000 00:00 0 
7fc06a3c8000-7fc06a3d5000 r-xp 00000000 08:01 138281                     /usr/lib/jvm/java-7-openjdk-amd64/jre/lib/amd64/jli/libjli.so
7fc06a3d5000-7fc06a5d4000 ---p 0000d000 08:01 138281                     /usr/lib/jvm/java-7-openjdk-amd64/jre/lib/amd64/jli/libjli.so
7fc06a5d4000-7fc06a5d5000 r--p 0000c000 08:01 138281                     /usr/lib/jvm/java-7-openjdk-amd64/jre/lib/amd64/jli/libjli.so
7fc06a5d5000-7fc06a5d6000 rw-p 0000d000 08:01 138281                     /usr/lib/jvm/java-7-openjdk-amd64/jre/lib/amd64/jli/libjli.so
7fc06a5d6000-7fc06a5f9000 r-xp 00000000 08:01 523906                     /lib/x86_64-linux-gnu/ld-2.19.so
7fc06a5fb000-7fc06a600000 r--s 0004c000 08:01 138223                     /usr/lib/jvm/java-7-openjdk-amd64/jre/lib/jsse.jar
7fc06a600000-7fc06a608000 r--s 000c7000 08:01 571306                     /home/oshane/Workspace/java/LOGIN SYSTEM 1.0/mysql-connector-java-5.1.24/mysql-connector-java-5.1.24/mysql-connector-java-5.1.24-bin.jar
7fc06a608000-7fc06a611000 r--s 000b9000 08:01 138231                     /usr/lib/jvm/java-7-openjdk-amd64/jre/lib/resources.jar
7fc06a611000-7fc06a61b000 rw-p 00000000 00:00 0 
7fc06a61b000-7fc06a6d1000 rw-p 00000000 00:00 0 
7fc06a6d1000-7fc06a6d4000 ---p 00000000 00:00 0 
7fc06a6d4000-7fc06a7d8000 rw-p 00000000 00:00 0                          [stack:6497]
7fc06a7d8000-7fc06a7da000 r--s 00012000 08:01 138299                     /usr/lib/jvm/java-7-openjdk-amd64/jre/lib/ext/zipfs.jar
7fc06a7da000-7fc06a7dc000 r--s 00006000 08:01 409318                     /usr/share/java/java-atk-wrapper.jar
7fc06a7dc000-7fc06a7e0000 r--s 0003c000 08:01 138298                     /usr/lib/jvm/java-7-openjdk-amd64/jre/lib/ext/sunpkcs11.jar
7fc06a7e0000-7fc06a7e4000 r--s 00085000 08:01 138296                     /usr/lib/jvm/java-7-openjdk-amd64/jre/lib/ext/localedata.jar
7fc06a7e4000-7fc06a7e5000 r--s 00002000 08:01 138292                     /usr/lib/jvm/java-7-openjdk-amd64/jre/lib/ext/dnsns.jar
7fc06a7e5000-7fc06a7e8000 r--s 0000f000 08:01 138293                     /usr/lib/jvm/java-7-openjdk-amd64/jre/lib/ext/icedtea-sound.jar
7fc06a7e8000-7fc06a7ec000 r--s 00034000 08:01 138297                     /usr/lib/jvm/java-7-openjdk-amd64/jre/lib/ext/sunjce_provider.jar
7fc06a7ec000-7fc06a7f4000 rw-s 00000000 08:01 675604                     /tmp/hsperfdata_oshane/6491
7fc06a7f4000-7fc06a7f5000 rw-p 00000000 00:00 0 
7fc06a7f5000-7fc06a7f6000 r--p 00000000 00:00 0 
7fc06a7f6000-7fc06a7f8000 rw-p 00000000 00:00 0 
7fc06a7f8000-7fc06a7f9000 r--p 00022000 08:01 523906                     /lib/x86_64-linux-gnu/ld-2.19.so
7fc06a7f9000-7fc06a7fa000 rw-p 00023000 08:01 523906                     /lib/x86_64-linux-gnu/ld-2.19.so
7fc06a7fa000-7fc06a7fb000 rw-p 00000000 00:00 0 
7fffdb4ed000-7fffdb50e000 rw-p 00000000 00:00 0                          [stack]
7fffdb5ea000-7fffdb5ec000 r-xp 00000000 00:00 0                          [vdso]
ffffffffff600000-ffffffffff601000 r-xp 00000000 00:00 0                  [vsyscall]

VM Arguments:
jvm_args: -Dfile.encoding=UTF-8 
java_command: OPERATIONS.LoginSystem
Launcher Type: SUN_STANDARD

Environment Variables:
PATH=/usr/local/sbin:/usr/local/bin:/usr/sbin:/usr/bin:/sbin:/bin:/usr/games:/usr/local/games
USERNAME=oshane
SHELL=/bin/bash
DISPLAY=:0.0

Signal Handlers:
SIGSEGV: [libjvm.so+0x9495e0], sa_mask[0]=0x7ffbfeff, sa_flags=0x10000004
SIGBUS: [libjvm.so+0x9495e0], sa_mask[0]=0x7ffbfeff, sa_flags=0x10000004
SIGFPE: [libjvm.so+0x7c3410], sa_mask[0]=0x7ffbfeff, sa_flags=0x10000004
SIGPIPE: [libjvm.so+0x7c3410], sa_mask[0]=0x7ffbfeff, sa_flags=0x10000004
SIGXFSZ: [libjvm.so+0x7c3410], sa_mask[0]=0x7ffbfeff, sa_flags=0x10000004
SIGILL: [libjvm.so+0x7c3410], sa_mask[0]=0x7ffbfeff, sa_flags=0x10000004
SIGUSR1: SIG_DFL, sa_mask[0]=0x00000000, sa_flags=0x00000000
SIGUSR2: [libjvm.so+0x7c32b0], sa_mask[0]=0x00000004, sa_flags=0x10000004
SIGHUP: [libjvm.so+0x7c3490], sa_mask[0]=0x7ffbfeff, sa_flags=0x10000004
SIGINT: [libjvm.so+0x7c3490], sa_mask[0]=0x7ffbfeff, sa_flags=0x10000004
SIGTERM: [libjvm.so+0x7c3490], sa_mask[0]=0x7ffbfeff, sa_flags=0x10000004
SIGQUIT: [libjvm.so+0x7c3490], sa_mask[0]=0x7ffbfeff, sa_flags=0x10000004
SIGTRAP: SIG_DFL, sa_mask[0]=0x00000000, sa_flags=0x00000000


---------------  S Y S T E M  ---------------

OS:LinuxMint 17.1 (rebecca)
uname:Linux 3.13.0-37-generic #64-Ubuntu SMP Mon Sep 22 21:28:38 UTC 2014 x86_64
libc:glibc 2.19 NPTL 2.19 
rlimit: STACK 8192k, CORE 0k, NPROC 8940, NOFILE 4096, AS infinity
load average:5.86 1.99 1.16

/proc/meminfo:
MemTotal:        1175540 kB
MemFree:           61000 kB
Buffers:             236 kB
Cached:            23600 kB
SwapCached:        84216 kB
Active:           517724 kB
Inactive:         520076 kB
Active(anon):     512596 kB
Inactive(anon):   504552 kB
Active(file):       5128 kB
Inactive(file):    15524 kB
Unevictable:           0 kB
Mlocked:               0 kB
SwapTotal:       1549308 kB
SwapFree:         785320 kB
Dirty:               144 kB
Writeback:             0 kB
AnonPages:        951556 kB
Mapped:             9888 kB
Shmem:              3156 kB
Slab:              31652 kB
SReclaimable:      14300 kB
SUnreclaim:        17352 kB
KernelStack:        3064 kB
PageTables:        24544 kB
NFS_Unstable:          0 kB
Bounce:                0 kB
WritebackTmp:          0 kB
CommitLimit:     2137076 kB
Committed_AS:    3280760 kB
VmallocTotal:   34359738367 kB
VmallocUsed:       22252 kB
VmallocChunk:   34359712135 kB
HardwareCorrupted:     0 kB
AnonHugePages:    473088 kB
HugePages_Total:       0
HugePages_Free:        0
HugePages_Rsvd:        0
HugePages_Surp:        0
Hugepagesize:       2048 kB
DirectMap4k:       36800 kB
DirectMap2M:     1173504 kB


CPU:total 1 (1 cores per cpu, 1 threads per core) family 6 model 37 stepping 2, cmov, cx8, fxsr, mmx, sse, sse2, sse3, ssse3, tsc

/proc/cpuinfo:
processor	: 0
vendor_id	: GenuineIntel
cpu family	: 6
model		: 37
model name	: Intel(R) Core(TM) i5 CPU       M 540  @ 2.53GHz
stepping	: 2
microcode	: 0x616
cpu MHz		: 2414.717
cache size	: 6144 KB
physical id	: 0
siblings	: 1
core id		: 0
cpu cores	: 1
apicid		: 0
initial apicid	: 0
fpu		: yes
fpu_exception	: yes
cpuid level	: 5
wp		: yes
flags		: fpu vme de pse tsc msr pae mce cx8 apic sep mtrr pge mca cmov pat pse36 clflush mmx fxsr sse sse2 syscall nx rdtscp lm constant_tsc rep_good nopl pni monitor ssse3 lahf_lm
bogomips	: 4829.43
clflush size	: 64
cache_alignment	: 64
address sizes	: 36 bits physical, 48 bits virtual
power management:



Memory: 4k page, physical 1175540k(61000k free), swap 1549308k(785320k free)

vm_info: OpenJDK 64-Bit Server VM (24.65-b04) for linux-amd64 JRE (1.7.0_65-b32), built on Oct 22 2014 04:37:44 by "buildd" with gcc 4.8.2

time: Mon Mar  2 22:36:35 2015
elapsed time: 35 seconds

